<?xml version="1.0" encoding="UTF-8"?>
<!-- Generated by org.testng.reporters.JUnitXMLReporter -->
<testsuite ignored="1" hostname="DESKTOP-O8IRIGN" failures="0" tests="3" name="All Functional Tests" time="21.505" errors="0" timestamp="2025-05-06T17:23:38 IST">
  <testcase classname="testCases.TC001_accountRegistrationTest" name="verify_account_registration" time="2.194"/>
  <testcase classname="testCases.TC002_loginTest" name="verifyLogin" time="1.432"/>
  <testcase classname="testCases.TC004_PurchaseProduct" name="purchaseProduct" time="6.161"/>
  <testcase classname="testCases.TC003_LoginDDT" name="verifyLoginDDT" time="0.0">
    <ignored/>
  </testcase> <!-- verifyLoginDDT -->
</testsuite> <!-- All Functional Tests -->
