<?xml version="1.0" encoding="UTF-8"?>
<!-- Generated by org.testng.reporters.JUnitXMLReporter -->
<testsuite ignored="1" hostname="DESKTOP-O8IRIGN" failures="0" tests="1" name="All Functional Tests" time="203.658" errors="0" timestamp="2025-06-30T01:16:57 IST">
  <testcase classname="testCases.TC008_VerifyTopMenuNavigation" name="verifyTopMenuNavigation" time="76.987"/>
  <testcase classname="testCases.TC003_LoginDDT" name="verifyLoginDDT" time="0.0">
    <ignored/>
  </testcase> <!-- verifyLoginDDT -->
</testsuite> <!-- All Functional Tests -->
