<?xml version="1.0" encoding="UTF-8"?>
<!-- Generated by org.testng.reporters.JUnitXMLReporter -->
<testsuite ignored="0" hostname="DESKTOP-O8IRIGN" failures="0" tests="15" name="edgeTest" time="175.583" errors="0" timestamp="2025-06-30T01:30:48 IST">
  <testcase classname="testCases.TC007_WishListTest" name="WishListWithLogin" time="4.834"/>
  <testcase classname="testCases.TC004_PurchaseProduct" name="purchaseProduct" time="3.161"/>
  <testcase classname="testCases.TC000_HomePageTest" name="testBrokenImages" time="2.878"/>
  <testcase classname="testCases.TC000_HomePageTest" name="testBrokenLinks" time="1.059"/>
  <testcase classname="testCases.TC000_HomePageTest" name="testCarousel" time="6.144"/>
  <testcase classname="testCases.TC002_loginTest" name="verifyLogin" time="1.293"/>
  <testcase classname="testCases.TC003_LoginDDT" name="verifyLoginDDT" time="10.786"/>
  <testcase classname="testCases.TC003_LoginDDT" name="verifyLoginDDT" time="1.642"/>
  <testcase classname="testCases.TC003_LoginDDT" name="verifyLoginDDT" time="1.55"/>
  <testcase classname="testCases.TC003_LoginDDT" name="verifyLoginDDT" time="15.297"/>
  <testcase classname="testCases.TC003_LoginDDT" name="verifyLoginDDT" time="1.636"/>
  <testcase classname="testCases.TC001_accountRegistrationTest" name="verify_account_registration" time="3.2"/>
  <testcase classname="testCases.TC006_SearchTest" name="SearchValidPRoduct" time="0.988"/>
  <testcase classname="testCases.TC006_SearchTest" name="searchInvalidProduct" time="0.331"/>
  <testcase classname="testCases.TC006_SearchTest" name="searchWithEmptyInput" time="0.304"/>
</testsuite> <!-- edgeTest -->
