<?xml version="1.0" encoding="UTF-8"?>
<testng-results ignored="0" total="1" passed="1" failed="0" skipped="0">
  <reporter-output>
  </reporter-output>
  <suite started-at="2025-06-02T09:24:50 IST" name="Default suite" finished-at="2025-06-02T09:25:10 IST" duration-ms="20108">
    <groups>
    </groups>
    <test started-at="2025-06-02T09:24:50 IST" name="Default test" finished-at="2025-06-02T09:25:10 IST" duration-ms="20108">
      <class name="testCases.SampleTest">
        <test-method signature="demoTest()[pri:0, instance:testCases.SampleTest@2ef14fe]" started-at="2025-06-02T09:24:50 IST" name="demoTest" finished-at="2025-06-02T09:25:10 IST" duration-ms="20073" status="PASS">
          <reporter-output>
          </reporter-output>
        </test-method> <!-- demoTest -->
      </class> <!-- testCases.SampleTest -->
    </test> <!-- Default test -->
  </suite> <!-- Default suite -->
</testng-results>
